<?xml version="1.0" encoding="UTF-8"?>
<testng-results skipped="0" failed="0" ignored="0" total="1" passed="1">
  <reporter-output>
  </reporter-output>
  <suite name="Suite" duration-ms="18766" started-at="2021-03-22T16:19:53 IST" finished-at="2021-03-22T16:20:12 IST">
    <groups>
    </groups>
    <test name="Test" duration-ms="18766" started-at="2021-03-22T16:19:53 IST" finished-at="2021-03-22T16:20:12 IST">
      <class name="com.demoTest.NaukriTest">
        <test-method status="PASS" signature="openBrowser(java.lang.String)[pri:0, instance:com.demoTest.NaukriTest@4b4523f8]" name="openBrowser" is-config="true" duration-ms="2466" started-at="2021-03-22T16:19:53 IST" finished-at="2021-03-22T16:19:55 IST">
          <params>
            <param index="0">
              <value>
                <![CDATA[chrome]]>
              </value>
            </param>
          </params>
          <reporter-output>
          </reporter-output>
        </test-method> <!-- openBrowser -->
        <test-method status="PASS" signature="testNaukriTest()[pri:0, instance:com.demoTest.NaukriTest@4b4523f8]" name="testNaukriTest" duration-ms="15410" started-at="2021-03-22T16:19:55 IST" finished-at="2021-03-22T16:20:11 IST">
          <reporter-output>
          </reporter-output>
        </test-method> <!-- testNaukriTest -->
        <test-method status="PASS" signature="closeBrowser()[pri:0, instance:com.demoTest.NaukriTest@4b4523f8]" name="closeBrowser" is-config="true" duration-ms="854" started-at="2021-03-22T16:20:11 IST" finished-at="2021-03-22T16:20:12 IST">
          <reporter-output>
          </reporter-output>
        </test-method> <!-- closeBrowser -->
      </class> <!-- com.demoTest.NaukriTest -->
    </test> <!-- Test -->
  </suite> <!-- Suite -->
</testng-results>
